# JRE version: OpenJDK Runtime Environment Microsoft-13106358 (17.0.18+8) (build 17.0.18+8-LTS)
# Java VM: OpenJDK 64-Bit Server VM Microsoft-13106358 (17.0.18+8-LTS, mixed mode, sharing, tiered, compressed oops, compressed class ptrs, parallel gc, windows-amd64)
GC Precious Log:
 CPUs: 8 total, 8 available
 Memory: 7989M
 Large Page Support: Disabled
 NUMA Support: Disabled
 Compressed Oops: Enabled (Zero based)
 Alignments: Space 512K, Generation 512K, Heap 2M
 Heap Min Capacity: 256M
 Heap Initial Capacity: 256M
 Heap Max Capacity: 6G
 Pre-touch: Disabled
 Parallel Workers: 8
Heap:
 PSYoungGen      total 1045504K, used 5696K [0x0000000780000000, 0x00000007d0a00000, 0x0000000800000000)
  eden space 813056K, 0% used [0x0000000780000000,0x0000000780000000,0x00000007b1a00000)
  from space 232448K, 2% used [0x00000007b1a00000,0x00000007b1f90020,0x00000007bfd00000)
  to   space 238080K, 0% used [0x00000007bfd00000,0x00000007bfd00000,0x00000007ce580000)
 ParOldGen       total 873984K, used 715405K [0x0000000680000000, 0x00000006b5580000, 0x0000000780000000)
  object space 873984K, 81% used [0x0000000680000000,0x00000006abaa3470,0x00000006b5580000)
 Metaspace       used 258895K, committed 260672K, reserved 688128K
  class space    used 31912K, committed 32768K, reserved 425984K
GC Heap History (20 events):
Event: 701.201 GC heap before
{Heap before GC invocations=117 (full 8):
 PSYoungGen      total 875520K, used 781970K [0x0000000780000000, 0x00000007ca080000, 0x0000000800000000)
  eden space 590336K, 100% used [0x0000000780000000,0x00000007a4080000,0x00000007a4080000)
  from space 285184K, 67% used [0x00000007b6580000,0x00000007c20a4950,0x00000007c7c00000)
  to   space 300032K, 0% used [0x00000007a4080000,0x00000007a4080000,0x00000007b6580000)
 ParOldGen       total 870400K, used 686612K [0x0000000680000000, 0x00000006b5200000, 0x0000000780000000)
  object space 870400K, 78% used [0x0000000680000000,0x00000006a9e853e0,0x00000006b5200000)
 Metaspace       used 259084K, committed 260800K, reserved 688128K
  class space    used 31929K, committed 32768K, reserved 425984K
}
Event: 701.410 GC heap after
{Heap after GC invocations=117 (full 8):
 PSYoungGen      total 890368K, used 35695K [0x0000000780000000, 0x00000007ce200000, 0x0000000800000000)
  eden space 590336K, 0% used [0x0000000780000000,0x0000000780000000,0x00000007a4080000)
  from space 300032K, 11% used [0x00000007a4080000,0x00000007a635beb0,0x00000007b6580000)
  to   space 294400K, 0% used [0x00000007bc280000,0x00000007bc280000,0x00000007ce200000)
 ParOldGen       total 873984K, used 873850K [0x0000000680000000, 0x00000006b5580000, 0x0000000780000000)
  object space 873984K, 99% used [0x0000000680000000,0x00000006b555e960,0x00000006b5580000)
 Metaspace       used 259084K, committed 260800K, reserved 688128K
  class space    used 31929K, committed 32768K, reserved 425984K
}
Event: 703.093 GC heap before
{Heap before GC invocations=118 (full 9):
 PSYoungGen      total 890368K, used 626031K [0x0000000780000000, 0x00000007ce200000, 0x0000000800000000)
  eden space 590336K, 100% used [0x0000000780000000,0x00000007a4080000,0x00000007a4080000)
  from space 300032K, 11% used [0x00000007a4080000,0x00000007a635beb0,0x00000007b6580000)
  to   space 294400K, 0% used [0x00000007bc280000,0x00000007bc280000,0x00000007ce200000)
 ParOldGen       total 873984K, used 873850K [0x0000000680000000, 0x00000006b5580000, 0x0000000780000000)
  object space 873984K, 99% used [0x0000000680000000,0x00000006b555e960,0x00000006b5580000)
 Metaspace       used 259101K, committed 260800K, reserved 688128K
  class space    used 31929K, committed 32768K, reserved 425984K
}
Event: 709.204 GC heap after
{Heap after GC invocations=118 (full 9):
 PSYoungGen      total 985600K, used 0K [0x0000000780000000, 0x00000007ce480000, 0x0000000800000000)
  eden space 691200K, 0% used [0x0000000780000000,0x0000000780000000,0x00000007aa300000)
  from space 294400K, 0% used [0x00000007bc280000,0x00000007bc280000,0x00000007ce200000)
  to   space 294400K, 0% used [0x00000007aa300000,0x00000007aa300000,0x00000007bc280000)
 ParOldGen       total 873984K, used 683497K [0x0000000680000000, 0x00000006b5580000, 0x0000000780000000)
  object space 873984K, 78% used [0x0000000680000000,0x00000006a9b7a608,0x00000006b5580000)
 Metaspace       used 258820K, committed 260672K, reserved 688128K
  class space    used 31909K, committed 32768K, reserved 425984K
}
Event: 710.541 GC heap before
{Heap before GC invocations=119 (full 9):
 PSYoungGen      total 985600K, used 691200K [0x0000000780000000, 0x00000007ce480000, 0x0000000800000000)
  eden space 691200K, 100% used [0x0000000780000000,0x00000007aa300000,0x00000007aa300000)
  from space 294400K, 0% used [0x00000007bc280000,0x00000007bc280000,0x00000007ce200000)
  to   space 294400K, 0% used [0x00000007aa300000,0x00000007aa300000,0x00000007bc280000)
 ParOldGen       total 873984K, used 683497K [0x0000000680000000, 0x00000006b5580000, 0x0000000780000000)
  object space 873984K, 78% used [0x0000000680000000,0x00000006a9b7a608,0x00000006b5580000)
 Metaspace       used 258838K, committed 260672K, reserved 688128K
  class space    used 31911K, committed 32768K, reserved 425984K
}
Event: 712.556 GC heap after
{Heap after GC invocations=119 (full 9):
 PSYoungGen      total 985600K, used 5696K [0x0000000780000000, 0x00000007ce480000, 0x0000000800000000)
  eden space 691200K, 0% used [0x0000000780000000,0x0000000780000000,0x00000007aa300000)
  from space 294400K, 1% used [0x00000007aa300000,0x00000007aa890000,0x00000007bc280000)
  to   space 294400K, 0% used [0x00000007bc280000,0x00000007bc280000,0x00000007ce200000)
 ParOldGen       total 873984K, used 683497K [0x0000000680000000, 0x00000006b5580000, 0x0000000780000000)
  object space 873984K, 78% used [0x0000000680000000,0x00000006a9b7a608,0x00000006b5580000)
 Metaspace       used 258838K, committed 260672K, reserved 688128K
  class space    used 31911K, committed 32768K, reserved 425984K
}
Event: 713.686 GC heap before
{Heap before GC invocations=120 (full 9):
 PSYoungGen      total 985600K, used 696896K [0x0000000780000000, 0x00000007ce480000, 0x0000000800000000)
  eden space 691200K, 100% used [0x0000000780000000,0x00000007aa300000,0x00000007aa300000)
  from space 294400K, 1% used [0x00000007aa300000,0x00000007aa890000,0x00000007bc280000)
  to   space 294400K, 0% used [0x00000007bc280000,0x00000007bc280000,0x00000007ce200000)
 ParOldGen       total 873984K, used 683497K [0x0000000680000000, 0x00000006b5580000, 0x0000000780000000)
  object space 873984K, 78% used [0x0000000680000000,0x00000006a9b7a608,0x00000006b5580000)
 Metaspace       used 258841K, committed 260672K, reserved 688128K
  class space    used 31911K, committed 32768K, reserved 425984K
}
Event: 715.703 GC heap after
{Heap after GC invocations=120 (full 9):
 PSYoungGen      total 985600K, used 4327K [0x0000000780000000, 0x00000007ce480000, 0x0000000800000000)
  eden space 691200K, 0% used [0x0000000780000000,0x0000000780000000,0x00000007aa300000)
  from space 294400K, 1% used [0x00000007bc280000,0x00000007bc6b9d80,0x00000007ce200000)
  to   space 294400K, 0% used [0x00000007aa300000,0x00000007aa300000,0x00000007bc280000)
 ParOldGen       total 873984K, used 687215K [0x0000000680000000, 0x00000006b5580000, 0x0000000780000000)
  object space 873984K, 78% used [0x0000000680000000,0x00000006a9f1be38,0x00000006b5580000)
 Metaspace       used 258841K, committed 260672K, reserved 688128K
  class space    used 31911K, committed 32768K, reserved 425984K
}
Event: 717.162 GC heap before
{Heap before GC invocations=121 (full 9):
 PSYoungGen      total 985600K, used 695527K [0x0000000780000000, 0x00000007ce480000, 0x0000000800000000)
  eden space 691200K, 100% used [0x0000000780000000,0x00000007aa300000,0x00000007aa300000)
  from space 294400K, 1% used [0x00000007bc280000,0x00000007bc6b9d80,0x00000007ce200000)
  to   space 294400K, 0% used [0x00000007aa300000,0x00000007aa300000,0x00000007bc280000)
 ParOldGen       total 873984K, used 687215K [0x0000000680000000, 0x00000006b5580000, 0x0000000780000000)
  object space 873984K, 78% used [0x0000000680000000,0x00000006a9f1be38,0x00000006b5580000)
 Metaspace       used 258858K, committed 260672K, reserved 688128K
  class space    used 31911K, committed 32768K, reserved 425984K
}
Event: 719.182 GC heap after
{Heap after GC invocations=121 (full 9):
 PSYoungGen      total 985600K, used 4480K [0x0000000780000000, 0x00000007ce480000, 0x0000000800000000)
  eden space 691200K, 0% used [0x0000000780000000,0x0000000780000000,0x00000007aa300000)
  from space 294400K, 1% used [0x00000007aa300000,0x00000007aa760020,0x00000007bc280000)
  to   space 294400K, 0% used [0x00000007bc280000,0x00000007bc280000,0x00000007ce200000)
 ParOldGen       total 873984K, used 691295K [0x0000000680000000, 0x00000006b5580000, 0x0000000780000000)
  object space 873984K, 79% used [0x0000000680000000,0x00000006aa317ef0,0x00000006b5580000)
 Metaspace       used 258858K, committed 260672K, reserved 688128K
  class space    used 31911K, committed 32768K, reserved 425984K
}
Event: 720.405 GC heap before
{Heap before GC invocations=122 (full 9):
 PSYoungGen      total 985600K, used 695680K [0x0000000780000000, 0x00000007ce480000, 0x0000000800000000)
  eden space 691200K, 100% used [0x0000000780000000,0x00000007aa300000,0x00000007aa300000)
  from space 294400K, 1% used [0x00000007aa300000,0x00000007aa760020,0x00000007bc280000)
  to   space 294400K, 0% used [0x00000007bc280000,0x00000007bc280000,0x00000007ce200000)
 ParOldGen       total 873984K, used 691295K [0x0000000680000000, 0x00000006b5580000, 0x0000000780000000)
  object space 873984K, 79% used [0x0000000680000000,0x00000006aa317ef0,0x00000006b5580000)
 Metaspace       used 258863K, committed 260672K, reserved 688128K
  class space    used 31911K, committed 32768K, reserved 425984K
}
Event: 722.429 GC heap after
{Heap after GC invocations=122 (full 9):
 PSYoungGen      total 985600K, used 8682K [0x0000000780000000, 0x00000007ce480000, 0x0000000800000000)
  eden space 691200K, 0% used [0x0000000780000000,0x0000000780000000,0x00000007aa300000)
  from space 294400K, 2% used [0x00000007bc280000,0x00000007bcafa9a0,0x00000007ce200000)
  to   space 294400K, 0% used [0x00000007aa300000,0x00000007aa300000,0x00000007bc280000)
 ParOldGen       total 873984K, used 695663K [0x0000000680000000, 0x00000006b5580000, 0x0000000780000000)
  object space 873984K, 79% used [0x0000000680000000,0x00000006aa75be60,0x00000006b5580000)
 Metaspace       used 258863K, committed 260672K, reserved 688128K
  class space    used 31911K, committed 32768K, reserved 425984K
}
Event: 723.445 GC heap before
{Heap before GC invocations=123 (full 9):
 PSYoungGen      total 985600K, used 699882K [0x0000000780000000, 0x00000007ce480000, 0x0000000800000000)
  eden space 691200K, 100% used [0x0000000780000000,0x00000007aa300000,0x00000007aa300000)
  from space 294400K, 2% used [0x00000007bc280000,0x00000007bcafa9a0,0x00000007ce200000)
  to   space 294400K, 0% used [0x00000007aa300000,0x00000007aa300000,0x00000007bc280000)
 ParOldGen       total 873984K, used 695663K [0x0000000680000000, 0x00000006b5580000, 0x0000000780000000)
  object space 873984K, 79% used [0x0000000680000000,0x00000006aa75be60,0x00000006b5580000)
 Metaspace       used 258870K, committed 260672K, reserved 688128K
  class space    used 31911K, committed 32768K, reserved 425984K
}
Event: 723.460 GC heap after
{Heap after GC invocations=123 (full 9):
 PSYoungGen      total 985600K, used 3569K [0x0000000780000000, 0x00000007cff00000, 0x0000000800000000)
  eden space 691200K, 0% used [0x0000000780000000,0x0000000780000000,0x00000007aa300000)
  from space 294400K, 1% used [0x00000007aa300000,0x00000007aa67c5b8,0x00000007bc280000)
  to   space 264192K, 0% used [0x00000007bfd00000,0x00000007bfd00000,0x00000007cff00000)
 ParOldGen       total 873984K, used 699792K [0x0000000680000000, 0x00000006b5580000, 0x0000000780000000)
  object space 873984K, 80% used [0x0000000680000000,0x00000006aab64318,0x00000006b5580000)
 Metaspace       used 258870K, committed 260672K, reserved 688128K
  class space    used 31911K, committed 32768K, reserved 425984K
}
Event: 724.831 GC heap before
{Heap before GC invocations=124 (full 9):
 PSYoungGen      total 985600K, used 694769K [0x0000000780000000, 0x00000007cff00000, 0x0000000800000000)
  eden space 691200K, 100% used [0x0000000780000000,0x00000007aa300000,0x00000007aa300000)
  from space 294400K, 1% used [0x00000007aa300000,0x00000007aa67c5b8,0x00000007bc280000)
  to   space 264192K, 0% used [0x00000007bfd00000,0x00000007bfd00000,0x00000007cff00000)
 ParOldGen       total 873984K, used 699792K [0x0000000680000000, 0x00000006b5580000, 0x0000000780000000)
  object space 873984K, 80% used [0x0000000680000000,0x00000006aab64318,0x00000006b5580000)
 Metaspace       used 258880K, committed 260672K, reserved 688128K
  class space    used 31911K, committed 32768K, reserved 425984K
}
Event: 724.844 GC heap after
{Heap after GC invocations=124 (full 9):
 PSYoungGen      total 1012736K, used 3680K [0x0000000780000000, 0x00000007ce580000, 0x0000000800000000)
  eden space 774656K, 0% used [0x0000000780000000,0x0000000780000000,0x00000007af480000)
  from space 238080K, 1% used [0x00000007bfd00000,0x00000007c0098000,0x00000007ce580000)
  to   space 254464K, 0% used [0x00000007af480000,0x00000007af480000,0x00000007bed00000)
 ParOldGen       total 873984K, used 703145K [0x0000000680000000, 0x00000006b5580000, 0x0000000780000000)
  object space 873984K, 80% used [0x0000000680000000,0x00000006aaeaa7e8,0x00000006b5580000)
 Metaspace       used 258880K, committed 260672K, reserved 688128K
  class space    used 31911K, committed 32768K, reserved 425984K
}
Event: 726.585 GC heap before
{Heap before GC invocations=125 (full 9):
 PSYoungGen      total 1012736K, used 778336K [0x0000000780000000, 0x00000007ce580000, 0x0000000800000000)
  eden space 774656K, 100% used [0x0000000780000000,0x00000007af480000,0x00000007af480000)
  from space 238080K, 1% used [0x00000007bfd00000,0x00000007c0098000,0x00000007ce580000)
  to   space 254464K, 0% used [0x00000007af480000,0x00000007af480000,0x00000007bed00000)
 ParOldGen       total 873984K, used 703145K [0x0000000680000000, 0x00000006b5580000, 0x0000000780000000)
  object space 873984K, 80% used [0x0000000680000000,0x00000006aaeaa7e8,0x00000006b5580000)
 Metaspace       used 258881K, committed 260672K, reserved 688128K
  class space    used 31911K, committed 32768K, reserved 425984K
}
Event: 728.609 GC heap after
{Heap after GC invocations=125 (full 9):
 PSYoungGen      total 1029120K, used 8008K [0x0000000780000000, 0x00000007ce580000, 0x0000000800000000)
  eden space 774656K, 0% used [0x0000000780000000,0x0000000780000000,0x00000007af480000)
  from space 254464K, 3% used [0x00000007af480000,0x00000007afc52148,0x00000007bed00000)
  to   space 238080K, 0% used [0x00000007bfd00000,0x00000007bfd00000,0x00000007ce580000)
 ParOldGen       total 873984K, used 706662K [0x0000000680000000, 0x00000006b5580000, 0x0000000780000000)
  object space 873984K, 80% used [0x0000000680000000,0x00000006ab2199e0,0x00000006b5580000)
 Metaspace       used 258881K, committed 260672K, reserved 688128K
  class space    used 31911K, committed 32768K, reserved 425984K
}
Event: 729.761 GC heap before
{Heap before GC invocations=126 (full 9):
 PSYoungGen      total 1029120K, used 782664K [0x0000000780000000, 0x00000007ce580000, 0x0000000800000000)
  eden space 774656K, 100% used [0x0000000780000000,0x00000007af480000,0x00000007af480000)
  from space 254464K, 3% used [0x00000007af480000,0x00000007afc52148,0x00000007bed00000)
  to   space 238080K, 0% used [0x00000007bfd00000,0x00000007bfd00000,0x00000007ce580000)
 ParOldGen       total 873984K, used 706662K [0x0000000680000000, 0x00000006b5580000, 0x0000000780000000)
  object space 873984K, 80% used [0x0000000680000000,0x00000006ab2199e0,0x00000006b5580000)
 Metaspace       used 258890K, committed 260672K, reserved 688128K
  class space    used 31912K, committed 32768K, reserved 425984K
}
Event: 729.781 GC heap after
{Heap after GC invocations=126 (full 9):
 PSYoungGen      total 1051136K, used 6678K [0x0000000780000000, 0x00000007d0a00000, 0x0000000800000000)
  eden space 813056K, 0% used [0x0000000780000000,0x0000000780000000,0x00000007b1a00000)
  from space 238080K, 2% used [0x00000007bfd00000,0x00000007c0385b90,0x00000007ce580000)
  to   space 232448K, 0% used [0x00000007b1a00000,0x00000007b1a00000,0x00000007bfd00000)
 ParOldGen       total 873984K, used 711732K [0x0000000680000000, 0x00000006b5580000, 0x0000000780000000)
  object space 873984K, 81% used [0x0000000680000000,0x00000006ab70d370,0x00000006b5580000)
 Metaspace       used 258890K, committed 260672K, reserved 688128K
  class space    used 31912K, committed 32768K, reserved 425984K
}

