# JRE version: OpenJDK Runtime Environment Microsoft-13106358 (17.0.18+8) (build 17.0.18+8-LTS)
# Java VM: OpenJDK 64-Bit Server VM Microsoft-13106358 (17.0.18+8-LTS, mixed mode, sharing, tiered, compressed oops, compressed class ptrs, parallel gc, windows-amd64)
GC Precious Log:
 CPUs: 8 total, 8 available
 Memory: 7989M
 Large Page Support: Disabled
 NUMA Support: Disabled
 Compressed Oops: Enabled (Zero based)
 Alignments: Space 512K, Generation 512K, Heap 2M
 Heap Min Capacity: 256M
 Heap Initial Capacity: 256M
 Heap Max Capacity: 6G
 Pre-touch: Disabled
 Parallel Workers: 8
Heap:
 PSYoungGen      total 76288K, used 32598K [0x0000000780000000, 0x0000000785500000, 0x0000000800000000)
  eden space 65536K, 33% used [0x0000000780000000,0x000000078155b0a0,0x0000000784000000)
  from space 10752K, 99% used [0x0000000784a80000,0x00000007854fa9b0,0x0000000785500000)
  to   space 10752K, 0% used [0x0000000784000000,0x0000000784000000,0x0000000784a80000)
 ParOldGen       total 175104K, used 7591K [0x0000000680000000, 0x000000068ab00000, 0x0000000780000000)
  object space 175104K, 4% used [0x0000000680000000,0x0000000680769c90,0x000000068ab00000)
 Metaspace       used 13632K, committed 13888K, reserved 491520K
  class space    used 1858K, committed 1984K, reserved 425984K
GC Heap History (4 events):
Event: 1.558 GC heap before
{Heap before GC invocations=1 (full 0):
 PSYoungGen      total 76288K, used 65536K [0x0000000780000000, 0x0000000785500000, 0x0000000800000000)
  eden space 65536K, 100% used [0x0000000780000000,0x0000000784000000,0x0000000784000000)
  from space 10752K, 0% used [0x0000000784a80000,0x0000000784a80000,0x0000000785500000)
  to   space 10752K, 0% used [0x0000000784000000,0x0000000784000000,0x0000000784a80000)
 ParOldGen       total 175104K, used 0K [0x0000000680000000, 0x000000068ab00000, 0x0000000780000000)
  object space 175104K, 0% used [0x0000000680000000,0x0000000680000000,0x000000068ab00000)
 Metaspace       used 4390K, committed 4544K, reserved 491520K
  class space    used 549K, committed 640K, reserved 425984K
}
Event: 1.570 GC heap after
{Heap after GC invocations=1 (full 0):
 PSYoungGen      total 76288K, used 10741K [0x0000000780000000, 0x0000000785500000, 0x0000000800000000)
  eden space 65536K, 0% used [0x0000000780000000,0x0000000780000000,0x0000000784000000)
  from space 10752K, 99% used [0x0000000784000000,0x0000000784a7d5b0,0x0000000784a80000)
  to   space 10752K, 0% used [0x0000000784a80000,0x0000000784a80000,0x0000000785500000)
 ParOldGen       total 175104K, used 48K [0x0000000680000000, 0x000000068ab00000, 0x0000000780000000)
  object space 175104K, 0% used [0x0000000680000000,0x000000068000c000,0x000000068ab00000)
 Metaspace       used 4390K, committed 4544K, reserved 491520K
  class space    used 549K, committed 640K, reserved 425984K
}
Event: 10.747 GC heap before
{Heap before GC invocations=2 (full 0):
 PSYoungGen      total 76288K, used 76277K [0x0000000780000000, 0x0000000785500000, 0x0000000800000000)
  eden space 65536K, 100% used [0x0000000780000000,0x0000000784000000,0x0000000784000000)
  from space 10752K, 99% used [0x0000000784000000,0x0000000784a7d5b0,0x0000000784a80000)
  to   space 10752K, 0% used [0x0000000784a80000,0x0000000784a80000,0x0000000785500000)
 ParOldGen       total 175104K, used 48K [0x0000000680000000, 0x000000068ab00000, 0x0000000780000000)
  object space 175104K, 0% used [0x0000000680000000,0x000000068000c000,0x000000068ab00000)
 Metaspace       used 9993K, committed 10176K, reserved 491520K
  class space    used 1330K, committed 1408K, reserved 425984K
}
Event: 10.760 GC heap after
{Heap after GC invocations=2 (full 0):
 PSYoungGen      total 76288K, used 10730K [0x0000000780000000, 0x0000000785500000, 0x0000000800000000)
  eden space 65536K, 0% used [0x0000000780000000,0x0000000780000000,0x0000000784000000)
  from space 10752K, 99% used [0x0000000784a80000,0x00000007854fa9b0,0x0000000785500000)
  to   space 10752K, 0% used [0x0000000784000000,0x0000000784000000,0x0000000784a80000)
 ParOldGen       total 175104K, used 7591K [0x0000000680000000, 0x000000068ab00000, 0x0000000780000000)
  object space 175104K, 4% used [0x0000000680000000,0x0000000680769c90,0x000000068ab00000)
 Metaspace       used 9993K, committed 10176K, reserved 491520K
  class space    used 1330K, committed 1408K, reserved 425984K
}

