# JRE version: OpenJDK Runtime Environment Microsoft-13106358 (17.0.18+8) (build 17.0.18+8-LTS)
# Java VM: OpenJDK 64-Bit Server VM Microsoft-13106358 (17.0.18+8-LTS, mixed mode, sharing, tiered, compressed oops, compressed class ptrs, parallel gc, windows-amd64)
GC Precious Log:
 CPUs: 8 total, 8 available
 Memory: 7989M
 Large Page Support: Disabled
 NUMA Support: Disabled
 Compressed Oops: Enabled (Zero based)
 Alignments: Space 512K, Generation 512K, Heap 2M
 Heap Min Capacity: 256M
 Heap Initial Capacity: 256M
 Heap Max Capacity: 6G
 Pre-touch: Disabled
 Parallel Workers: 8
Heap:
 PSYoungGen      total 658944K, used 397154K [0x0000000780000000, 0x00000007b6900000, 0x0000000800000000)
  eden space 454656K, 72% used [0x0000000780000000,0x000000079440ee18,0x000000079bc00000)
  from space 204288K, 31% used [0x00000007aa180000,0x00000007ae149bc0,0x00000007b6900000)
  to   space 219648K, 0% used [0x000000079bc00000,0x000000079bc00000,0x00000007a9280000)
 ParOldGen       total 826880K, used 712182K [0x0000000680000000, 0x00000006b2780000, 0x0000000780000000)
  object space 826880K, 86% used [0x0000000680000000,0x00000006ab77d890,0x00000006b2780000)
 Metaspace       used 188735K, committed 190208K, reserved 622592K
  class space    used 24954K, committed 25664K, reserved 425984K
GC Heap History (20 events):
Event: 57.332 GC heap before
{Heap before GC invocations=49 (full 6):
 PSYoungGen      total 451584K, used 451565K [0x0000000780000000, 0x00000007af000000, 0x0000000800000000)
  eden space 259072K, 100% used [0x0000000780000000,0x000000078fd00000,0x000000078fd00000)
  from space 192512K, 99% used [0x000000078fd00000,0x000000079b8fb538,0x000000079b900000)
  to   space 235520K, 0% used [0x00000007a0a00000,0x00000007a0a00000,0x00000007af000000)
 ParOldGen       total 547840K, used 411072K [0x0000000680000000, 0x00000006a1700000, 0x0000000780000000)
  object space 547840K, 75% used [0x0000000680000000,0x0000000699170310,0x00000006a1700000)
 Metaspace       used 160507K, committed 161920K, reserved 622592K
  class space    used 21995K, committed 22656K, reserved 425984K
}
Event: 57.580 GC heap after
{Heap after GC invocations=49 (full 6):
 PSYoungGen      total 505856K, used 205543K [0x0000000780000000, 0x00000007b2900000, 0x0000000800000000)
  eden space 270336K, 0% used [0x0000000780000000,0x0000000780000000,0x0000000790800000)
  from space 235520K, 87% used [0x00000007a0a00000,0x00000007ad2b9c28,0x00000007af000000)
  to   space 264192K, 0% used [0x0000000790800000,0x0000000790800000,0x00000007a0a00000)
 ParOldGen       total 547840K, used 411652K [0x0000000680000000, 0x00000006a1700000, 0x0000000780000000)
  object space 547840K, 75% used [0x0000000680000000,0x0000000699201300,0x00000006a1700000)
 Metaspace       used 160507K, committed 161920K, reserved 622592K
  class space    used 21995K, committed 22656K, reserved 425984K
}
Event: 59.154 GC heap before
{Heap before GC invocations=50 (full 6):
 PSYoungGen      total 505856K, used 475879K [0x0000000780000000, 0x00000007b2900000, 0x0000000800000000)
  eden space 270336K, 100% used [0x0000000780000000,0x0000000790800000,0x0000000790800000)
  from space 235520K, 87% used [0x00000007a0a00000,0x00000007ad2b9c28,0x00000007af000000)
  to   space 264192K, 0% used [0x0000000790800000,0x0000000790800000,0x00000007a0a00000)
 ParOldGen       total 547840K, used 411652K [0x0000000680000000, 0x00000006a1700000, 0x0000000780000000)
  object space 547840K, 75% used [0x0000000680000000,0x0000000699201300,0x00000006a1700000)
 Metaspace       used 160678K, committed 162112K, reserved 622592K
  class space    used 22006K, committed 22656K, reserved 425984K
}
Event: 59.397 GC heap after
{Heap after GC invocations=50 (full 6):
 PSYoungGen      total 534528K, used 189960K [0x0000000780000000, 0x00000007b5780000, 0x0000000800000000)
  eden space 270336K, 0% used [0x0000000780000000,0x0000000780000000,0x0000000790800000)
  from space 264192K, 71% used [0x0000000790800000,0x000000079c182160,0x00000007a0a00000)
  to   space 281088K, 0% used [0x00000007a4500000,0x00000007a4500000,0x00000007b5780000)
 ParOldGen       total 547840K, used 447363K [0x0000000680000000, 0x00000006a1700000, 0x0000000780000000)
  object space 547840K, 81% used [0x0000000680000000,0x000000069b4e0c08,0x00000006a1700000)
 Metaspace       used 160678K, committed 162112K, reserved 622592K
  class space    used 22006K, committed 22656K, reserved 425984K
}
Event: 60.700 GC heap before
{Heap before GC invocations=51 (full 6):
 PSYoungGen      total 534528K, used 460296K [0x0000000780000000, 0x00000007b5780000, 0x0000000800000000)
  eden space 270336K, 100% used [0x0000000780000000,0x0000000790800000,0x0000000790800000)
  from space 264192K, 71% used [0x0000000790800000,0x000000079c182160,0x00000007a0a00000)
  to   space 281088K, 0% used [0x00000007a4500000,0x00000007a4500000,0x00000007b5780000)
 ParOldGen       total 547840K, used 447363K [0x0000000680000000, 0x00000006a1700000, 0x0000000780000000)
  object space 547840K, 81% used [0x0000000680000000,0x000000069b4e0c08,0x00000006a1700000)
 Metaspace       used 160774K, committed 162176K, reserved 622592K
  class space    used 22009K, committed 22656K, reserved 425984K
}
Event: 60.983 GC heap after
{Heap after GC invocations=51 (full 6):
 PSYoungGen      total 567296K, used 114078K [0x0000000780000000, 0x00000007b3b00000, 0x0000000800000000)
  eden space 315392K, 0% used [0x0000000780000000,0x0000000780000000,0x0000000793400000)
  from space 251904K, 45% used [0x00000007a4500000,0x00000007ab4679f0,0x00000007b3b00000)
  to   space 265728K, 0% used [0x0000000793400000,0x0000000793400000,0x00000007a3780000)
 ParOldGen       total 547840K, used 536440K [0x0000000680000000, 0x00000006a1700000, 0x0000000780000000)
  object space 547840K, 97% used [0x0000000680000000,0x00000006a0bde020,0x00000006a1700000)
 Metaspace       used 160774K, committed 162176K, reserved 622592K
  class space    used 22009K, committed 22656K, reserved 425984K
}
Event: 62.723 GC heap before
{Heap before GC invocations=52 (full 7):
 PSYoungGen      total 567296K, used 429470K [0x0000000780000000, 0x00000007b3b00000, 0x0000000800000000)
  eden space 315392K, 100% used [0x0000000780000000,0x0000000793400000,0x0000000793400000)
  from space 251904K, 45% used [0x00000007a4500000,0x00000007ab4679f0,0x00000007b3b00000)
  to   space 265728K, 0% used [0x0000000793400000,0x0000000793400000,0x00000007a3780000)
 ParOldGen       total 547840K, used 536440K [0x0000000680000000, 0x00000006a1700000, 0x0000000780000000)
  object space 547840K, 97% used [0x0000000680000000,0x00000006a0bde020,0x00000006a1700000)
 Metaspace       used 160909K, committed 162304K, reserved 622592K
  class space    used 22011K, committed 22656K, reserved 425984K
}
Event: 63.896 GC heap after
{Heap after GC invocations=52 (full 7):
 PSYoungGen      total 581120K, used 28895K [0x0000000780000000, 0x00000007b6900000, 0x0000000800000000)
  eden space 329216K, 0% used [0x0000000780000000,0x0000000780000000,0x0000000794180000)
  from space 251904K, 11% used [0x00000007a4500000,0x00000007a6137e80,0x00000007b3b00000)
  to   space 265728K, 0% used [0x0000000794180000,0x0000000794180000,0x00000007a4500000)
 ParOldGen       total 826880K, used 547522K [0x0000000680000000, 0x00000006b2780000, 0x0000000780000000)
  object space 826880K, 66% used [0x0000000680000000,0x00000006a16b0a78,0x00000006b2780000)
 Metaspace       used 160909K, committed 162304K, reserved 622592K
  class space    used 22011K, committed 22656K, reserved 425984K
}
Event: 65.386 GC heap before
{Heap before GC invocations=53 (full 7):
 PSYoungGen      total 581120K, used 358111K [0x0000000780000000, 0x00000007b6900000, 0x0000000800000000)
  eden space 329216K, 100% used [0x0000000780000000,0x0000000794180000,0x0000000794180000)
  from space 251904K, 11% used [0x00000007a4500000,0x00000007a6137e80,0x00000007b3b00000)
  to   space 265728K, 0% used [0x0000000794180000,0x0000000794180000,0x00000007a4500000)
 ParOldGen       total 826880K, used 547522K [0x0000000680000000, 0x00000006b2780000, 0x0000000780000000)
  object space 826880K, 66% used [0x0000000680000000,0x00000006a16b0a78,0x00000006b2780000)
 Metaspace       used 160970K, committed 162368K, reserved 622592K
  class space    used 22014K, committed 22656K, reserved 425984K
}
Event: 65.510 GC heap after
{Heap after GC invocations=53 (full 7):
 PSYoungGen      total 594944K, used 42391K [0x0000000780000000, 0x00000007b6d00000, 0x0000000800000000)
  eden space 329216K, 0% used [0x0000000780000000,0x0000000780000000,0x0000000794180000)
  from space 265728K, 15% used [0x0000000794180000,0x0000000796ae5dc8,0x00000007a4500000)
  to   space 261632K, 0% used [0x00000007a6d80000,0x00000007a6d80000,0x00000007b6d00000)
 ParOldGen       total 826880K, used 557107K [0x0000000680000000, 0x00000006b2780000, 0x0000000780000000)
  object space 826880K, 67% used [0x0000000680000000,0x00000006a200cdf8,0x00000006b2780000)
 Metaspace       used 160970K, committed 162368K, reserved 622592K
  class space    used 22014K, committed 22656K, reserved 425984K
}
Event: 66.929 GC heap before
{Heap before GC invocations=54 (full 7):
 PSYoungGen      total 594944K, used 371607K [0x0000000780000000, 0x00000007b6d00000, 0x0000000800000000)
  eden space 329216K, 100% used [0x0000000780000000,0x0000000794180000,0x0000000794180000)
  from space 265728K, 15% used [0x0000000794180000,0x0000000796ae5dc8,0x00000007a4500000)
  to   space 261632K, 0% used [0x00000007a6d80000,0x00000007a6d80000,0x00000007b6d00000)
 ParOldGen       total 826880K, used 557107K [0x0000000680000000, 0x00000006b2780000, 0x0000000780000000)
  object space 826880K, 67% used [0x0000000680000000,0x00000006a200cdf8,0x00000006b2780000)
 Metaspace       used 161023K, committed 162432K, reserved 622592K
  class space    used 22016K, committed 22656K, reserved 425984K
}
Event: 66.985 GC heap after
{Heap after GC invocations=54 (full 7):
 PSYoungGen      total 616960K, used 50001K [0x0000000780000000, 0x00000007b5d00000, 0x0000000800000000)
  eden space 371712K, 0% used [0x0000000780000000,0x0000000780000000,0x0000000796b00000)
  from space 245248K, 20% used [0x00000007a6d80000,0x00000007a9e547e8,0x00000007b5d00000)
  to   space 254976K, 0% used [0x0000000796b00000,0x0000000796b00000,0x00000007a6400000)
 ParOldGen       total 826880K, used 572892K [0x0000000680000000, 0x00000006b2780000, 0x0000000780000000)
  object space 826880K, 69% used [0x0000000680000000,0x00000006a2f77268,0x00000006b2780000)
 Metaspace       used 161023K, committed 162432K, reserved 622592K
  class space    used 22016K, committed 22656K, reserved 425984K
}
Event: 68.453 GC heap before
{Heap before GC invocations=55 (full 7):
 PSYoungGen      total 616960K, used 421713K [0x0000000780000000, 0x00000007b5d00000, 0x0000000800000000)
  eden space 371712K, 100% used [0x0000000780000000,0x0000000796b00000,0x0000000796b00000)
  from space 245248K, 20% used [0x00000007a6d80000,0x00000007a9e547e8,0x00000007b5d00000)
  to   space 254976K, 0% used [0x0000000796b00000,0x0000000796b00000,0x00000007a6400000)
 ParOldGen       total 826880K, used 572892K [0x0000000680000000, 0x00000006b2780000, 0x0000000780000000)
  object space 826880K, 69% used [0x0000000680000000,0x00000006a2f77268,0x00000006b2780000)
 Metaspace       used 161171K, committed 162560K, reserved 622592K
  class space    used 22021K, committed 22720K, reserved 425984K
}
Event: 68.539 GC heap after
{Heap after GC invocations=55 (full 7):
 PSYoungGen      total 626688K, used 38114K [0x0000000780000000, 0x00000007b7f00000, 0x0000000800000000)
  eden space 371712K, 0% used [0x0000000780000000,0x0000000780000000,0x0000000796b00000)
  from space 254976K, 14% used [0x0000000796b00000,0x0000000799038a80,0x00000007a6400000)
  to   space 249344K, 0% used [0x00000007a8b80000,0x00000007a8b80000,0x00000007b7f00000)
 ParOldGen       total 826880K, used 622494K [0x0000000680000000, 0x00000006b2780000, 0x0000000780000000)
  object space 826880K, 75% used [0x0000000680000000,0x00000006a5fe7bf8,0x00000006b2780000)
 Metaspace       used 161171K, committed 162560K, reserved 622592K
  class space    used 22021K, committed 22720K, reserved 425984K
}
Event: 69.401 GC heap before
{Heap before GC invocations=56 (full 7):
 PSYoungGen      total 626688K, used 409826K [0x0000000780000000, 0x00000007b7f00000, 0x0000000800000000)
  eden space 371712K, 100% used [0x0000000780000000,0x0000000796b00000,0x0000000796b00000)
  from space 254976K, 14% used [0x0000000796b00000,0x0000000799038a80,0x00000007a6400000)
  to   space 249344K, 0% used [0x00000007a8b80000,0x00000007a8b80000,0x00000007b7f00000)
 ParOldGen       total 826880K, used 622494K [0x0000000680000000, 0x00000006b2780000, 0x0000000780000000)
  object space 826880K, 75% used [0x0000000680000000,0x00000006a5fe7bf8,0x00000006b2780000)
 Metaspace       used 161276K, committed 162688K, reserved 622592K
  class space    used 22023K, committed 22720K, reserved 425984K
}
Event: 69.451 GC heap after
{Heap after GC invocations=56 (full 7):
 PSYoungGen      total 637440K, used 64952K [0x0000000780000000, 0x00000007b6580000, 0x0000000800000000)
  eden space 414208K, 0% used [0x0000000780000000,0x0000000780000000,0x0000000799480000)
  from space 223232K, 29% used [0x00000007a8b80000,0x00000007acaee330,0x00000007b6580000)
  to   space 238080K, 0% used [0x0000000799480000,0x0000000799480000,0x00000007a7d00000)
 ParOldGen       total 826880K, used 652642K [0x0000000680000000, 0x00000006b2780000, 0x0000000780000000)
  object space 826880K, 78% used [0x0000000680000000,0x00000006a7d58b90,0x00000006b2780000)
 Metaspace       used 161276K, committed 162688K, reserved 622592K
  class space    used 22023K, committed 22720K, reserved 425984K
}
Event: 70.594 GC heap before
{Heap before GC invocations=57 (full 7):
 PSYoungGen      total 637440K, used 479160K [0x0000000780000000, 0x00000007b6580000, 0x0000000800000000)
  eden space 414208K, 100% used [0x0000000780000000,0x0000000799480000,0x0000000799480000)
  from space 223232K, 29% used [0x00000007a8b80000,0x00000007acaee330,0x00000007b6580000)
  to   space 238080K, 0% used [0x0000000799480000,0x0000000799480000,0x00000007a7d00000)
 ParOldGen       total 826880K, used 652642K [0x0000000680000000, 0x00000006b2780000, 0x0000000780000000)
  object space 826880K, 78% used [0x0000000680000000,0x00000006a7d58b90,0x00000006b2780000)
 Metaspace       used 161311K, committed 162752K, reserved 622592K
  class space    used 22023K, committed 22720K, reserved 425984K
}
Event: 70.645 GC heap after
{Heap after GC invocations=57 (full 7):
 PSYoungGen      total 652288K, used 43354K [0x0000000780000000, 0x00000007b8300000, 0x0000000800000000)
  eden space 414208K, 0% used [0x0000000780000000,0x0000000780000000,0x0000000799480000)
  from space 238080K, 18% used [0x0000000799480000,0x000000079bed6888,0x00000007a7d00000)
  to   space 230912K, 0% used [0x00000007aa180000,0x00000007aa180000,0x00000007b8300000)
 ParOldGen       total 826880K, used 697290K [0x0000000680000000, 0x00000006b2780000, 0x0000000780000000)
  object space 826880K, 84% used [0x0000000680000000,0x00000006aa8f2800,0x00000006b2780000)
 Metaspace       used 161311K, committed 162752K, reserved 622592K
  class space    used 22023K, committed 22720K, reserved 425984K
}
Event: 74.804 GC heap before
{Heap before GC invocations=58 (full 7):
 PSYoungGen      total 652288K, used 457562K [0x0000000780000000, 0x00000007b8300000, 0x0000000800000000)
  eden space 414208K, 100% used [0x0000000780000000,0x0000000799480000,0x0000000799480000)
  from space 238080K, 18% used [0x0000000799480000,0x000000079bed6888,0x00000007a7d00000)
  to   space 230912K, 0% used [0x00000007aa180000,0x00000007aa180000,0x00000007b8300000)
 ParOldGen       total 826880K, used 697290K [0x0000000680000000, 0x00000006b2780000, 0x0000000780000000)
  object space 826880K, 84% used [0x0000000680000000,0x00000006aa8f2800,0x00000006b2780000)
 Metaspace       used 163092K, committed 164480K, reserved 622592K
  class space    used 22265K, committed 22912K, reserved 425984K
}
Event: 74.882 GC heap after
{Heap after GC invocations=58 (full 7):
 PSYoungGen      total 658944K, used 65318K [0x0000000780000000, 0x00000007b6900000, 0x0000000800000000)
  eden space 454656K, 0% used [0x0000000780000000,0x0000000780000000,0x000000079bc00000)
  from space 204288K, 31% used [0x00000007aa180000,0x00000007ae149bc0,0x00000007b6900000)
  to   space 219648K, 0% used [0x000000079bc00000,0x000000079bc00000,0x00000007a9280000)
 ParOldGen       total 826880K, used 712182K [0x0000000680000000, 0x00000006b2780000, 0x0000000780000000)
  object space 826880K, 86% used [0x0000000680000000,0x00000006ab77d890,0x00000006b2780000)
 Metaspace       used 163092K, committed 164480K, reserved 622592K
  class space    used 22265K, committed 22912K, reserved 425984K
}

