# JRE version: OpenJDK Runtime Environment Microsoft-13106358 (17.0.18+8) (build 17.0.18+8-LTS)
# Java VM: OpenJDK 64-Bit Server VM Microsoft-13106358 (17.0.18+8-LTS, mixed mode, sharing, tiered, compressed oops, compressed class ptrs, parallel gc, windows-amd64)
GC Precious Log:
 CPUs: 8 total, 8 available
 Memory: 7989M
 Large Page Support: Disabled
 NUMA Support: Disabled
 Compressed Oops: Enabled (Zero based)
 Alignments: Space 512K, Generation 512K, Heap 2M
 Heap Min Capacity: 256M
 Heap Initial Capacity: 256M
 Heap Max Capacity: 6G
 Pre-touch: Disabled
 Parallel Workers: 8
Heap:
 PSYoungGen      total 395264K, used 227598K [0x0000000780000000, 0x00000007a2680000, 0x0000000800000000)
  eden space 274432K, 45% used [0x0000000780000000,0x0000000787a51358,0x0000000790c00000)
  from space 120832K, 84% used [0x0000000790c00000,0x0000000796ff2560,0x0000000798200000)
  to   space 131584K, 0% used [0x000000079a600000,0x000000079a600000,0x00000007a2680000)
 ParOldGen       total 504320K, used 300045K [0x0000000680000000, 0x000000069ec80000, 0x0000000780000000)
  object space 504320K, 59% used [0x0000000680000000,0x0000000692503750,0x000000069ec80000)
 Metaspace       used 239304K, committed 241344K, reserved 688128K
  class space    used 30259K, committed 31232K, reserved 425984K
GC Heap History (20 events):
Event: 743.578 GC heap before
{Heap before GC invocations=78 (full 7):
 PSYoungGen      total 340480K, used 93405K [0x0000000780000000, 0x000000079d180000, 0x0000000800000000)
  eden space 239616K, 0% used [0x0000000780000000,0x0000000780000000,0x000000078ea00000)
  from space 100864K, 92% used [0x0000000795800000,0x000000079b337590,0x000000079ba80000)
  to   space 112640K, 0% used [0x000000078ea00000,0x000000078ea00000,0x0000000795800000)
 ParOldGen       total 504320K, used 447465K [0x0000000680000000, 0x000000069ec80000, 0x0000000780000000)
  object space 504320K, 88% used [0x0000000680000000,0x000000069b4fa450,0x000000069ec80000)
 Metaspace       used 222314K, committed 224256K, reserved 622592K
  class space    used 28741K, committed 29632K, reserved 425984K
}
Event: 747.143 GC heap after
{Heap after GC invocations=78 (full 7):
 PSYoungGen      total 340480K, used 0K [0x0000000780000000, 0x000000079d180000, 0x0000000800000000)
  eden space 239616K, 0% used [0x0000000780000000,0x0000000780000000,0x000000078ea00000)
  from space 100864K, 0% used [0x0000000795800000,0x0000000795800000,0x000000079ba80000)
  to   space 112640K, 0% used [0x000000078ea00000,0x000000078ea00000,0x0000000795800000)
 ParOldGen       total 504320K, used 294954K [0x0000000680000000, 0x000000069ec80000, 0x0000000780000000)
  object space 504320K, 58% used [0x0000000680000000,0x000000069200a8f0,0x000000069ec80000)
 Metaspace       used 220004K, committed 222912K, reserved 622592K
  class space    used 28491K, committed 29568K, reserved 425984K
}
Event: 757.624 GC heap before
{Heap before GC invocations=79 (full 7):
 PSYoungGen      total 340480K, used 239616K [0x0000000780000000, 0x000000079d180000, 0x0000000800000000)
  eden space 239616K, 100% used [0x0000000780000000,0x000000078ea00000,0x000000078ea00000)
  from space 100864K, 0% used [0x0000000795800000,0x0000000795800000,0x000000079ba80000)
  to   space 112640K, 0% used [0x000000078ea00000,0x000000078ea00000,0x0000000795800000)
 ParOldGen       total 504320K, used 294954K [0x0000000680000000, 0x000000069ec80000, 0x0000000780000000)
  object space 504320K, 58% used [0x0000000680000000,0x000000069200a8f0,0x000000069ec80000)
 Metaspace       used 225883K, committed 227776K, reserved 688128K
  class space    used 29095K, committed 30016K, reserved 425984K
}
Event: 757.647 GC heap after
{Heap after GC invocations=79 (full 7):
 PSYoungGen      total 352256K, used 17555K [0x0000000780000000, 0x000000079da00000, 0x0000000800000000)
  eden space 239616K, 0% used [0x0000000780000000,0x0000000780000000,0x000000078ea00000)
  from space 112640K, 15% used [0x000000078ea00000,0x000000078fb24c20,0x0000000795800000)
  to   space 112640K, 0% used [0x0000000796c00000,0x0000000796c00000,0x000000079da00000)
 ParOldGen       total 504320K, used 294962K [0x0000000680000000, 0x000000069ec80000, 0x0000000780000000)
  object space 504320K, 58% used [0x0000000680000000,0x000000069200c8f0,0x000000069ec80000)
 Metaspace       used 225883K, committed 227776K, reserved 688128K
  class space    used 29095K, committed 30016K, reserved 425984K
}
Event: 760.989 GC heap before
{Heap before GC invocations=80 (full 7):
 PSYoungGen      total 352256K, used 257171K [0x0000000780000000, 0x000000079da00000, 0x0000000800000000)
  eden space 239616K, 100% used [0x0000000780000000,0x000000078ea00000,0x000000078ea00000)
  from space 112640K, 15% used [0x000000078ea00000,0x000000078fb24c20,0x0000000795800000)
  to   space 112640K, 0% used [0x0000000796c00000,0x0000000796c00000,0x000000079da00000)
 ParOldGen       total 504320K, used 294962K [0x0000000680000000, 0x000000069ec80000, 0x0000000780000000)
  object space 504320K, 58% used [0x0000000680000000,0x000000069200c8f0,0x000000069ec80000)
 Metaspace       used 230066K, committed 231936K, reserved 688128K
  class space    used 29470K, committed 30336K, reserved 425984K
}
Event: 761.022 GC heap after
{Heap after GC invocations=80 (full 7):
 PSYoungGen      total 359424K, used 41662K [0x0000000780000000, 0x000000079ce80000, 0x0000000800000000)
  eden space 258560K, 0% used [0x0000000780000000,0x0000000780000000,0x000000078fc80000)
  from space 100864K, 41% used [0x0000000796c00000,0x00000007994afa60,0x000000079ce80000)
  to   space 107520K, 0% used [0x000000078fc80000,0x000000078fc80000,0x0000000796580000)
 ParOldGen       total 504320K, used 294970K [0x0000000680000000, 0x000000069ec80000, 0x0000000780000000)
  object space 504320K, 58% used [0x0000000680000000,0x000000069200e8f0,0x000000069ec80000)
 Metaspace       used 230066K, committed 231936K, reserved 688128K
  class space    used 29470K, committed 30336K, reserved 425984K
}
Event: 767.072 GC heap before
{Heap before GC invocations=81 (full 7):
 PSYoungGen      total 359424K, used 300222K [0x0000000780000000, 0x000000079ce80000, 0x0000000800000000)
  eden space 258560K, 100% used [0x0000000780000000,0x000000078fc80000,0x000000078fc80000)
  from space 100864K, 41% used [0x0000000796c00000,0x00000007994afa60,0x000000079ce80000)
  to   space 107520K, 0% used [0x000000078fc80000,0x000000078fc80000,0x0000000796580000)
 ParOldGen       total 504320K, used 294970K [0x0000000680000000, 0x000000069ec80000, 0x0000000780000000)
  object space 504320K, 58% used [0x0000000680000000,0x000000069200e8f0,0x000000069ec80000)
 Metaspace       used 231588K, committed 233472K, reserved 688128K
  class space    used 29586K, committed 30464K, reserved 425984K
}
Event: 767.115 GC heap after
{Heap after GC invocations=81 (full 7):
 PSYoungGen      total 366080K, used 44072K [0x0000000780000000, 0x000000079d600000, 0x0000000800000000)
  eden space 258560K, 0% used [0x0000000780000000,0x0000000780000000,0x000000078fc80000)
  from space 107520K, 40% used [0x000000078fc80000,0x000000079278a3d0,0x0000000796580000)
  to   space 102400K, 0% used [0x0000000797200000,0x0000000797200000,0x000000079d600000)
 ParOldGen       total 504320K, used 294978K [0x0000000680000000, 0x000000069ec80000, 0x0000000780000000)
  object space 504320K, 58% used [0x0000000680000000,0x00000006920108f0,0x000000069ec80000)
 Metaspace       used 231588K, committed 233472K, reserved 688128K
  class space    used 29586K, committed 30464K, reserved 425984K
}
Event: 773.064 GC heap before
{Heap before GC invocations=82 (full 7):
 PSYoungGen      total 366080K, used 302632K [0x0000000780000000, 0x000000079d600000, 0x0000000800000000)
  eden space 258560K, 100% used [0x0000000780000000,0x000000078fc80000,0x000000078fc80000)
  from space 107520K, 40% used [0x000000078fc80000,0x000000079278a3d0,0x0000000796580000)
  to   space 102400K, 0% used [0x0000000797200000,0x0000000797200000,0x000000079d600000)
 ParOldGen       total 504320K, used 294978K [0x0000000680000000, 0x000000069ec80000, 0x0000000780000000)
  object space 504320K, 58% used [0x0000000680000000,0x00000006920108f0,0x000000069ec80000)
 Metaspace       used 232984K, committed 234880K, reserved 688128K
  class space    used 29651K, committed 30528K, reserved 425984K
}
Event: 773.105 GC heap after
{Heap after GC invocations=82 (full 7):
 PSYoungGen      total 369664K, used 53771K [0x0000000780000000, 0x000000079ce80000, 0x0000000800000000)
  eden space 274944K, 0% used [0x0000000780000000,0x0000000780000000,0x0000000790c80000)
  from space 94720K, 56% used [0x0000000797200000,0x000000079a682db0,0x000000079ce80000)
  to   space 99328K, 0% used [0x0000000790c80000,0x0000000790c80000,0x0000000796d80000)
 ParOldGen       total 504320K, used 295069K [0x0000000680000000, 0x000000069ec80000, 0x0000000780000000)
  object space 504320K, 58% used [0x0000000680000000,0x0000000692027500,0x000000069ec80000)
 Metaspace       used 232984K, committed 234880K, reserved 688128K
  class space    used 29651K, committed 30528K, reserved 425984K
}
Event: 776.282 GC heap before
{Heap before GC invocations=83 (full 7):
 PSYoungGen      total 369664K, used 328715K [0x0000000780000000, 0x000000079ce80000, 0x0000000800000000)
  eden space 274944K, 100% used [0x0000000780000000,0x0000000790c80000,0x0000000790c80000)
  from space 94720K, 56% used [0x0000000797200000,0x000000079a682db0,0x000000079ce80000)
  to   space 99328K, 0% used [0x0000000790c80000,0x0000000790c80000,0x0000000796d80000)
 ParOldGen       total 504320K, used 295069K [0x0000000680000000, 0x000000069ec80000, 0x0000000780000000)
  object space 504320K, 58% used [0x0000000680000000,0x0000000692027500,0x000000069ec80000)
 Metaspace       used 234099K, committed 236032K, reserved 688128K
  class space    used 29759K, committed 30656K, reserved 425984K
}
Event: 776.324 GC heap after
{Heap after GC invocations=83 (full 7):
 PSYoungGen      total 374272K, used 42464K [0x0000000780000000, 0x000000079d780000, 0x0000000800000000)
  eden space 274944K, 0% used [0x0000000780000000,0x0000000780000000,0x0000000790c80000)
  from space 99328K, 42% used [0x0000000790c80000,0x00000007935f8330,0x0000000796d80000)
  to   space 95232K, 0% used [0x0000000797a80000,0x0000000797a80000,0x000000079d780000)
 ParOldGen       total 504320K, used 295077K [0x0000000680000000, 0x000000069ec80000, 0x0000000780000000)
  object space 504320K, 58% used [0x0000000680000000,0x0000000692029500,0x000000069ec80000)
 Metaspace       used 234099K, committed 236032K, reserved 688128K
  class space    used 29759K, committed 30656K, reserved 425984K
}
Event: 781.738 GC heap before
{Heap before GC invocations=84 (full 7):
 PSYoungGen      total 374272K, used 317408K [0x0000000780000000, 0x000000079d780000, 0x0000000800000000)
  eden space 274944K, 100% used [0x0000000780000000,0x0000000790c80000,0x0000000790c80000)
  from space 99328K, 42% used [0x0000000790c80000,0x00000007935f8330,0x0000000796d80000)
  to   space 95232K, 0% used [0x0000000797a80000,0x0000000797a80000,0x000000079d780000)
 ParOldGen       total 504320K, used 295077K [0x0000000680000000, 0x000000069ec80000, 0x0000000780000000)
  object space 504320K, 58% used [0x0000000680000000,0x0000000692029500,0x000000069ec80000)
 Metaspace       used 236845K, committed 238848K, reserved 688128K
  class space    used 29998K, committed 30976K, reserved 425984K
}
Event: 781.771 GC heap after
{Heap after GC invocations=84 (full 7):
 PSYoungGen      total 381440K, used 28232K [0x0000000780000000, 0x000000079d300000, 0x0000000800000000)
  eden space 290816K, 0% used [0x0000000780000000,0x0000000780000000,0x0000000791c00000)
  from space 90624K, 31% used [0x0000000797a80000,0x00000007996122f8,0x000000079d300000)
  to   space 93696K, 0% used [0x0000000791c00000,0x0000000791c00000,0x0000000797780000)
 ParOldGen       total 504320K, used 295085K [0x0000000680000000, 0x000000069ec80000, 0x0000000780000000)
  object space 504320K, 58% used [0x0000000680000000,0x000000069202b500,0x000000069ec80000)
 Metaspace       used 236845K, committed 238848K, reserved 688128K
  class space    used 29998K, committed 30976K, reserved 425984K
}
Event: 783.697 GC heap before
{Heap before GC invocations=85 (full 7):
 PSYoungGen      total 381440K, used 319048K [0x0000000780000000, 0x000000079d300000, 0x0000000800000000)
  eden space 290816K, 100% used [0x0000000780000000,0x0000000791c00000,0x0000000791c00000)
  from space 90624K, 31% used [0x0000000797a80000,0x00000007996122f8,0x000000079d300000)
  to   space 93696K, 0% used [0x0000000791c00000,0x0000000791c00000,0x0000000797780000)
 ParOldGen       total 504320K, used 295092K [0x0000000680000000, 0x000000069ec80000, 0x0000000780000000)
  object space 504320K, 58% used [0x0000000680000000,0x000000069202d020,0x000000069ec80000)
 Metaspace       used 237623K, committed 239616K, reserved 688128K
  class space    used 30085K, committed 31040K, reserved 425984K
}
Event: 783.766 GC heap after
{Heap after GC invocations=85 (full 7):
 PSYoungGen      total 384512K, used 86941K [0x0000000780000000, 0x000000079e800000, 0x0000000800000000)
  eden space 290816K, 0% used [0x0000000780000000,0x0000000780000000,0x0000000791c00000)
  from space 93696K, 92% used [0x0000000791c00000,0x00000007970e75d8,0x0000000797780000)
  to   space 104448K, 0% used [0x0000000798200000,0x0000000798200000,0x000000079e800000)
 ParOldGen       total 504320K, used 295100K [0x0000000680000000, 0x000000069ec80000, 0x0000000780000000)
  object space 504320K, 58% used [0x0000000680000000,0x000000069202f020,0x000000069ec80000)
 Metaspace       used 237623K, committed 239616K, reserved 688128K
  class space    used 30085K, committed 31040K, reserved 425984K
}
Event: 785.516 GC heap before
{Heap before GC invocations=86 (full 7):
 PSYoungGen      total 384512K, used 377757K [0x0000000780000000, 0x000000079e800000, 0x0000000800000000)
  eden space 290816K, 100% used [0x0000000780000000,0x0000000791c00000,0x0000000791c00000)
  from space 93696K, 92% used [0x0000000791c00000,0x00000007970e75d8,0x0000000797780000)
  to   space 104448K, 0% used [0x0000000798200000,0x0000000798200000,0x000000079e800000)
 ParOldGen       total 504320K, used 295191K [0x0000000680000000, 0x000000069ec80000, 0x0000000780000000)
  object space 504320K, 58% used [0x0000000680000000,0x0000000692045f78,0x000000069ec80000)
 Metaspace       used 238576K, committed 240576K, reserved 688128K
  class space    used 30187K, committed 31168K, reserved 425984K
}
Event: 785.629 GC heap after
{Heap after GC invocations=86 (full 7):
 PSYoungGen      total 378880K, used 104425K [0x0000000780000000, 0x00000007a0800000, 0x0000000800000000)
  eden space 274432K, 0% used [0x0000000780000000,0x0000000780000000,0x0000000790c00000)
  from space 104448K, 99% used [0x0000000798200000,0x000000079e7fa4d0,0x000000079e800000)
  to   space 120832K, 0% used [0x0000000790c00000,0x0000000790c00000,0x0000000798200000)
 ParOldGen       total 504320K, used 300035K [0x0000000680000000, 0x000000069ec80000, 0x0000000780000000)
  object space 504320K, 59% used [0x0000000680000000,0x0000000692500fa0,0x000000069ec80000)
 Metaspace       used 238576K, committed 240576K, reserved 688128K
  class space    used 30187K, committed 31168K, reserved 425984K
}
Event: 789.727 GC heap before
{Heap before GC invocations=87 (full 7):
 PSYoungGen      total 378880K, used 378857K [0x0000000780000000, 0x00000007a0800000, 0x0000000800000000)
  eden space 274432K, 100% used [0x0000000780000000,0x0000000790c00000,0x0000000790c00000)
  from space 104448K, 99% used [0x0000000798200000,0x000000079e7fa4d0,0x000000079e800000)
  to   space 120832K, 0% used [0x0000000790c00000,0x0000000790c00000,0x0000000798200000)
 ParOldGen       total 504320K, used 300037K [0x0000000680000000, 0x000000069ec80000, 0x0000000780000000)
  object space 504320K, 59% used [0x0000000680000000,0x0000000692501750,0x000000069ec80000)
 Metaspace       used 239080K, committed 241088K, reserved 688128K
  class space    used 30234K, committed 31232K, reserved 425984K
}
Event: 789.795 GC heap after
{Heap after GC invocations=87 (full 7):
 PSYoungGen      total 395264K, used 102345K [0x0000000780000000, 0x00000007a2680000, 0x0000000800000000)
  eden space 274432K, 0% used [0x0000000780000000,0x0000000780000000,0x0000000790c00000)
  from space 120832K, 84% used [0x0000000790c00000,0x0000000796ff2560,0x0000000798200000)
  to   space 131584K, 0% used [0x000000079a600000,0x000000079a600000,0x00000007a2680000)
 ParOldGen       total 504320K, used 300045K [0x0000000680000000, 0x000000069ec80000, 0x0000000780000000)
  object space 504320K, 59% used [0x0000000680000000,0x0000000692503750,0x000000069ec80000)
 Metaspace       used 239080K, committed 241088K, reserved 688128K
  class space    used 30234K, committed 31232K, reserved 425984K
}

